<?xml version="1.0" encoding="UTF-8" ?>
<testsuites name="vitest tests" tests="8" failures="0" errors="0" time="0.010006">
    <testsuite name="test/nameGenerator.test.ts" timestamp="2026-02-12T10:28:40.616Z" hostname="DESKTOP-J05866Q" tests="8" failures="0" errors="0" skipped="0" time="0.010006">
        <testcase classname="test/nameGenerator.test.ts" name="randomName &gt; uses default first/last pools when no config is provided" time="0.0013078">
        </testcase>
        <testcase classname="test/nameGenerator.test.ts" name="randomName &gt; uses species-specific config pools when available" time="0.0003639">
        </testcase>
        <testcase classname="test/nameGenerator.test.ts" name="randomName &gt; falls back missing first/last config values to defaults" time="0.0001516">
        </testcase>
        <testcase classname="test/nameGenerator.test.ts" name="nameGenerator &gt; generates a non-empty name for every culture" time="0.0008328">
        </testcase>
        <testcase classname="test/nameGenerator.test.ts" name="nameGenerator &gt; includes a surname for non-ledger cultures when requested" time="0.000281">
        </testcase>
        <testcase classname="test/nameGenerator.test.ts" name="nameGenerator &gt; omits appended surname for non-ledger cultures when includeSurname=false" time="0.0001076">
        </testcase>
        <testcase classname="test/nameGenerator.test.ts" name="nameGenerator &gt; clamps batch count between 1 and 100" time="0.0049759">
        </testcase>
        <testcase classname="test/nameGenerator.test.ts" name="nameGenerator &gt; falls back to duplicates when unique generation cannot satisfy count" time="0.0005398">
        </testcase>
    </testsuite>
</testsuites>
